<?xml version="1.0" encoding="UTF-8"?>
<testng-results skipped="0" failed="0" total="2" passed="2">
  <reporter-output>
  </reporter-output>
  <suite name="Default suite" duration-ms="53622" started-at="2015-09-05T13:31:23Z" finished-at="2015-09-05T13:32:17Z">
    <groups>
    </groups>
    <test name="Default test" duration-ms="53622" started-at="2015-09-05T13:31:23Z" finished-at="2015-09-05T13:32:17Z">
      <class name="com.jawa.scripts.ValidLogin">
        <test-method status="PASS" signature="openBrowser()[pri:0, instance:com.jawa.scripts.ValidLogin@26b8320f]" name="openBrowser" is-config="true" duration-ms="33584" started-at="2015-09-05T19:01:23Z" finished-at="2015-09-05T19:01:57Z">
          <reporter-output>
          </reporter-output>
        </test-method> <!-- openBrowser -->
        <test-method status="PASS" signature="test()[pri:0, instance:com.jawa.scripts.ValidLogin@26b8320f]" name="test" duration-ms="421" started-at="2015-09-05T19:01:57Z" finished-at="2015-09-05T19:01:57Z">
          <reporter-output>
          </reporter-output>
        </test-method> <!-- test -->
        <test-method status="PASS" signature="testLogout()[pri:0, instance:com.jawa.scripts.ValidLogin@26b8320f]" name="testLogout" duration-ms="16616" started-at="2015-09-05T19:01:57Z" finished-at="2015-09-05T19:02:14Z">
          <reporter-output>
          </reporter-output>
        </test-method> <!-- testLogout -->
        <test-method status="PASS" signature="close()[pri:0, instance:com.jawa.scripts.ValidLogin@26b8320f]" name="close" is-config="true" duration-ms="2980" started-at="2015-09-05T19:02:14Z" finished-at="2015-09-05T19:02:17Z">
          <reporter-output>
          </reporter-output>
        </test-method> <!-- close -->
      </class> <!-- com.jawa.scripts.ValidLogin -->
    </test> <!-- Default test -->
  </suite> <!-- Default suite -->
</testng-results>
